<?xml version="1.0" encoding="UTF-8"?>
<!-- Generated by org.testng.reporters.JUnitXMLReporter -->
<testsuite hostname="DESKTOP-KFPD178" ignored="0" name="Differnt Testing Feature Test" tests="16" failures="1" timestamp="01 Nov 2020 23:12:09 GMT" time="8.929" errors="0">
  <testcase name="test" time="0.005" classname="testNGPractice.ExceptionTimeOutTest"/>
  <testcase name="gmailisDisplay" time="0.059" classname="testNGPractice.GoogleTest">
    <failure type="java.lang.AssertionError" message="expected [true] but found [false]">
      <![CDATA[java.lang.AssertionError: expected [true] but found [false]
at testNGPractice.GoogleTest.gmailisDisplay(GoogleTest.java:37)
... Removed 29 stack frames]]>
    </failure>
  </testcase> <!-- gmailisDisplay -->
  <testcase name="sum" time="0.001" classname="testNGPractice.InvocationCountTest"/>
  <testcase name="sum" time="0.002" classname="testNGPractice.InvocationCountTest"/>
  <testcase name="sum" time="0.003" classname="testNGPractice.InvocationCountTest"/>
  <testcase name="sum" time="0.001" classname="testNGPractice.InvocationCountTest"/>
  <testcase name="sum" time="0.002" classname="testNGPractice.InvocationCountTest"/>
  <testcase name="sum" time="0.001" classname="testNGPractice.InvocationCountTest"/>
  <testcase name="sum" time="0.0" classname="testNGPractice.InvocationCountTest"/>
  <testcase name="sum" time="0.0" classname="testNGPractice.InvocationCountTest"/>
  <testcase name="sum" time="0.002" classname="testNGPractice.InvocationCountTest"/>
  <testcase name="sum" time="0.001" classname="testNGPractice.InvocationCountTest"/>
  <testcase name="googleTitl" time="0.0" classname="testNGPractice.TestNGBasics"/>
  <testcase name="googleTitl1" time="0.001" classname="testNGPractice.TestNGBasics"/>
  <testcase name="googleTitleTest" time="0.0" classname="testNGPractice.TestNGBasics"/>
  <testcase name="loginTest" time="0.0" classname="testNGPractice.TestNGFeatures"/>
</testsuite> <!-- Differnt Testing Feature Test -->
